<?xml version="1.0" encoding="UTF-8"?>
<!-- Generated by org.testng.reporters.JUnitXMLReporter -->
<testsuite ignored="4" hostname="MacBook-Pro-Yaroslav.local" failures="0" tests="7" name="Test" time="120.711" errors="0" timestamp="2023-06-05T14:37:33 CEST">
  <testcase classname="main.SocialLinks" name="launchApplication" time="22.815"/>
  <testcase classname="main.LockingNFT" name="lockNFT" time="23.885"/>
  <testcase classname="main.HeaderMenu" name="checkHeaderUrl" time="6.671"/>
  <testcase classname="main.FacebookLogin" name="FbLogin" time="8.99"/>
  <testcase classname="main.FacebookLogin" name="GoogleLogin" time="5.325"/>
  <testcase classname="main.FacebookLogin" name="LoginMM" time="29.147"/>
  <testcase classname="main.FacebookLogin" name="TwitterLogin" time="18.851"/>
  <testcase classname="base.BaseTest" name="@BeforeTest setUp" time="0.0">
    <ignored/>
  </testcase> <!-- @BeforeTest setUp -->
  <testcase classname="base.BaseTest" name="@BeforeTest setUp" time="0.0">
    <ignored/>
  </testcase> <!-- @BeforeTest setUp -->
  <testcase classname="base.BaseTest" name="@AfterTest tearDown" time="0.0">
    <ignored/>
  </testcase> <!-- @AfterTest tearDown -->
  <testcase classname="base.BaseTest" name="@AfterTest tearDown" time="0.0">
    <ignored/>
  </testcase> <!-- @AfterTest tearDown -->
</testsuite> <!-- Test -->
